<?xml version="1.0" encoding="UTF-8"?>
<testng-results ignored="0" total="0" passed="0" failed="0" skipped="0">
  <reporter-output>
  </reporter-output>
  <suite started-at="2023-10-25T22:53:05 EEST" name="Default suite" finished-at="2023-10-25T22:53:05 EEST" duration-ms="15">
    <groups>
    </groups>
    <test started-at="2023-10-25T22:53:05 EEST" name="Default test" finished-at="2023-10-25T22:53:05 EEST" duration-ms="15">
    </test> <!-- Default test -->
  </suite> <!-- Default suite -->
</testng-results>
